0 info it worked if it ends with ok
1 verbose cli [ '/usr/local/bin/node',
1 verbose cli   '/usr/local/lib/node_modules/cnpm/node_modules/.bin/npm',
1 verbose cli   '--userconfig=/Users/chenbei/.cnpmrc',
1 verbose cli   '--disturl=https://npm.taobao.org/mirrors/node',
1 verbose cli   '--cache=/Users/chenbei/.cnpm',
1 verbose cli   '--registry=https://registry.npm.taobao.org',
1 verbose cli   '--node-gyp=/usr/local/lib/node_modules/cnpm/node_modules/node-gyp/bin/node-gyp.js',
1 verbose cli   'install' ]
2 info using npm@2.14.15
3 info using node@v4.2.3
4 verbose readDependencies loading dependencies from /Users/chenbei/Documents/cbStudy/react/react-text/package.json
5 warn package.json test@0.0.1 No repository field.
6 warn package.json test@0.0.1 No README data
7 warn package.json test@0.0.1 No license field.
8 warn package.json Dependency 'webpack' exists in both dependencies and devDependencies, using 'webpack@^1.12.2' from dependencies
9 warn package.json Dependency 'webpack-hot-middleware' exists in both dependencies and devDependencies, using 'webpack-hot-middleware@^2.4.1' from dependencies
10 verbose install where, deps [ '/Users/chenbei/Documents/cbStudy/react/react-text',
10 verbose install   [ 'express',
10 verbose install     'path',
10 verbose install     'webpack',
10 verbose install     'webpack-dev-middleware',
10 verbose install     'webpack-hot-middleware',
10 verbose install     'css-loader',
10 verbose install     'extract-text-webpack-plugin',
10 verbose install     'file-loader',
10 verbose install     'flux',
10 verbose install     'history',
10 verbose install     'html-webpack-plugin',
10 verbose install     'jsx-loader',
10 verbose install     'rc-animate',
10 verbose install     'react',
10 verbose install     'react-addons',
10 verbose install     'react-addons-css-transition-group',
10 verbose install     'react-dom',
10 verbose install     'react-with-addons',
10 verbose install     'react-hot-loader',
10 verbose install     'react-router',
10 verbose install     'react-tap-event-plugin',
10 verbose install     'style-loader',
10 verbose install     'url-loader',
10 verbose install     'webpack-dev-server',
10 verbose install     'zepto',
10 verbose install     'velocity-react',
10 verbose install     'velocitytransitiongroup' ] ]
11 verbose install where, peers [ '/Users/chenbei/Documents/cbStudy/react/react-text', [] ]
12 verbose installManyTop reading for lifecycle /Users/chenbei/Documents/cbStudy/react/react-text/package.json
13 info preinstall test@0.0.1
14 verbose installManyTop reading scoped package data from /Users/chenbei/Documents/cbStudy/react/react-text/node_modules/align-text/package.json
15 verbose installManyTop reading scoped package data from /Users/chenbei/Documents/cbStudy/react/react-text/node_modules/amdefine/package.json
16 verbose installManyTop reading scoped package data from /Users/chenbei/Documents/cbStudy/react/react-text/node_modules/ansi-regex/package.json
17 verbose installManyTop reading scoped package data from /Users/chenbei/Documents/cbStudy/react/react-text/node_modules/async/package.json
18 verbose installManyTop reading scoped package data from /Users/chenbei/Documents/cbStudy/react/react-text/node_modules/balanced-match/package.json
19 verbose installManyTop reading scoped package data from /Users/chenbei/Documents/cbStudy/react/react-text/node_modules/base62/package.json
20 verbose installManyTop reading scoped package data from /Users/chenbei/Documents/cbStudy/react/react-text/node_modules/big.js/package.json
21 verbose installManyTop reading scoped package data from /Users/chenbei/Documents/cbStudy/react/react-text/node_modules/bluebird/package.json
22 verbose installManyTop reading scoped package data from /Users/chenbei/Documents/cbStudy/react/react-text/node_modules/boolbase/package.json
23 verbose installManyTop reading scoped package data from /Users/chenbei/Documents/cbStudy/react/react-text/node_modules/brace-expansion/package.json
24 verbose installManyTop reading scoped package data from /Users/chenbei/Documents/cbStudy/react/react-text/node_modules/camel-case/package.json
25 verbose installManyTop reading scoped package data from /Users/chenbei/Documents/cbStudy/react/react-text/node_modules/camelcase/package.json
26 verbose installManyTop reading scoped package data from /Users/chenbei/Documents/cbStudy/react/react-text/node_modules/center-align/package.json
27 verbose installManyTop reading scoped package data from /Users/chenbei/Documents/cbStudy/react/react-text/node_modules/change-case/package.json
28 verbose installManyTop reading scoped package data from /Users/chenbei/Documents/cbStudy/react/react-text/node_modules/clean-css/package.json
29 verbose installManyTop reading scoped package data from /Users/chenbei/Documents/cbStudy/react/react-text/node_modules/cli/package.json
30 verbose installManyTop reading scoped package data from /Users/chenbei/Documents/cbStudy/react/react-text/node_modules/cliui/package.json
31 verbose installManyTop reading scoped package data from /Users/chenbei/Documents/cbStudy/react/react-text/node_modules/commander/package.json
32 verbose installManyTop reading scoped package data from /Users/chenbei/Documents/cbStudy/react/react-text/node_modules/concat-map/package.json
33 verbose installManyTop reading scoped package data from /Users/chenbei/Documents/cbStudy/react/react-text/node_modules/concat-stream/package.json
34 verbose installManyTop reading scoped package data from /Users/chenbei/Documents/cbStudy/react/react-text/node_modules/constant-case/package.json
35 verbose installManyTop reading scoped package data from /Users/chenbei/Documents/cbStudy/react/react-text/node_modules/core-util-is/package.json
36 verbose installManyTop reading scoped package data from /Users/chenbei/Documents/cbStudy/react/react-text/node_modules/css-loader/package.json
37 verbose installManyTop reading scoped package data from /Users/chenbei/Documents/cbStudy/react/react-text/node_modules/css-select/package.json
38 verbose installManyTop reading scoped package data from /Users/chenbei/Documents/cbStudy/react/react-text/node_modules/css-what/package.json
39 verbose installManyTop reading scoped package data from /Users/chenbei/Documents/cbStudy/react/react-text/node_modules/decamelize/package.json
40 verbose installManyTop reading scoped package data from /Users/chenbei/Documents/cbStudy/react/react-text/node_modules/dom-converter/package.json
41 verbose installManyTop reading scoped package data from /Users/chenbei/Documents/cbStudy/react/react-text/node_modules/dom-serializer/package.json
42 verbose installManyTop reading scoped package data from /Users/chenbei/Documents/cbStudy/react/react-text/node_modules/domelementtype/package.json
43 verbose installManyTop reading scoped package data from /Users/chenbei/Documents/cbStudy/react/react-text/node_modules/domhandler/package.json
44 verbose installManyTop reading scoped package data from /Users/chenbei/Documents/cbStudy/react/react-text/node_modules/domutils/package.json
45 verbose installManyTop reading scoped package data from /Users/chenbei/Documents/cbStudy/react/react-text/node_modules/dot-case/package.json
46 verbose installManyTop reading scoped package data from /Users/chenbei/Documents/cbStudy/react/react-text/node_modules/entities/package.json
47 verbose installManyTop reading scoped package data from /Users/chenbei/Documents/cbStudy/react/react-text/node_modules/envify/package.json
48 verbose installManyTop reading scoped package data from /Users/chenbei/Documents/cbStudy/react/react-text/node_modules/escape-string-regexp/package.json
49 verbose installManyTop reading scoped package data from /Users/chenbei/Documents/cbStudy/react/react-text/node_modules/esprima-fb/package.json
50 verbose installManyTop reading scoped package data from /Users/chenbei/Documents/cbStudy/react/react-text/node_modules/exit/package.json
51 verbose installManyTop reading scoped package data from /Users/chenbei/Documents/cbStudy/react/react-text/node_modules/express/package.json
52 verbose installManyTop reading scoped package data from /Users/chenbei/Documents/cbStudy/react/react-text/node_modules/extract-text-webpack-plugin/package.json
53 verbose installManyTop reading scoped package data from /Users/chenbei/Documents/cbStudy/react/react-text/node_modules/file-loader/package.json
54 verbose installManyTop reading scoped package data from /Users/chenbei/Documents/cbStudy/react/react-text/node_modules/flux/package.json
55 verbose installManyTop reading scoped package data from /Users/chenbei/Documents/cbStudy/react/react-text/node_modules/glob/package.json
56 verbose installManyTop reading scoped package data from /Users/chenbei/Documents/cbStudy/react/react-text/node_modules/graceful-readlink/package.json
57 verbose installManyTop reading scoped package data from /Users/chenbei/Documents/cbStudy/react/react-text/node_modules/history/package.json
58 verbose installManyTop reading scoped package data from /Users/chenbei/Documents/cbStudy/react/react-text/node_modules/html-minifier/package.json
59 verbose installManyTop reading scoped package data from /Users/chenbei/Documents/cbStudy/react/react-text/node_modules/html-webpack-plugin/package.json
60 verbose installManyTop reading scoped package data from /Users/chenbei/Documents/cbStudy/react/react-text/node_modules/htmlparser2/package.json
61 verbose installManyTop reading scoped package data from /Users/chenbei/Documents/cbStudy/react/react-text/node_modules/inflight/package.json
62 verbose installManyTop reading scoped package data from /Users/chenbei/Documents/cbStudy/react/react-text/node_modules/inherits/package.json
63 verbose installManyTop reading scoped package data from /Users/chenbei/Documents/cbStudy/react/react-text/node_modules/install/package.json
64 verbose installManyTop reading scoped package data from /Users/chenbei/Documents/cbStudy/react/react-text/node_modules/is-buffer/package.json
65 verbose installManyTop reading scoped package data from /Users/chenbei/Documents/cbStudy/react/react-text/node_modules/is-lower-case/package.json
66 verbose installManyTop reading scoped package data from /Users/chenbei/Documents/cbStudy/react/react-text/node_modules/is-upper-case/package.json
67 verbose installManyTop reading scoped package data from /Users/chenbei/Documents/cbStudy/react/react-text/node_modules/isarray/package.json
68 verbose installManyTop reading scoped package data from /Users/chenbei/Documents/cbStudy/react/react-text/node_modules/jquery/package.json
69 verbose installManyTop reading scoped package data from /Users/chenbei/Documents/cbStudy/react/react-text/node_modules/json5/package.json
70 verbose installManyTop reading scoped package data from /Users/chenbei/Documents/cbStudy/react/react-text/node_modules/jstransform/package.json
71 verbose installManyTop reading scoped package data from /Users/chenbei/Documents/cbStudy/react/react-text/node_modules/jsx-loader/package.json
72 verbose installManyTop reading scoped package data from /Users/chenbei/Documents/cbStudy/react/react-text/node_modules/kind-of/package.json
73 verbose installManyTop reading scoped package data from /Users/chenbei/Documents/cbStudy/react/react-text/node_modules/lazy-cache/package.json
74 verbose installManyTop reading scoped package data from /Users/chenbei/Documents/cbStudy/react/react-text/node_modules/loader-utils/package.json
75 verbose installManyTop reading scoped package data from /Users/chenbei/Documents/cbStudy/react/react-text/node_modules/lodash/package.json
76 verbose installManyTop reading scoped package data from /Users/chenbei/Documents/cbStudy/react/react-text/node_modules/longest/package.json
77 verbose installManyTop reading scoped package data from /Users/chenbei/Documents/cbStudy/react/react-text/node_modules/lower-case/package.json
78 verbose installManyTop reading scoped package data from /Users/chenbei/Documents/cbStudy/react/react-text/node_modules/lower-case-first/package.json
79 verbose installManyTop reading scoped package data from /Users/chenbei/Documents/cbStudy/react/react-text/node_modules/minimatch/package.json
80 verbose installManyTop reading scoped package data from /Users/chenbei/Documents/cbStudy/react/react-text/node_modules/npm/package.json
81 verbose installManyTop reading scoped package data from /Users/chenbei/Documents/cbStudy/react/react-text/node_modules/nth-check/package.json
82 verbose installManyTop reading scoped package data from /Users/chenbei/Documents/cbStudy/react/react-text/node_modules/once/package.json
83 verbose installManyTop reading scoped package data from /Users/chenbei/Documents/cbStudy/react/react-text/node_modules/param-case/package.json
84 verbose installManyTop reading scoped package data from /Users/chenbei/Documents/cbStudy/react/react-text/node_modules/pascal-case/package.json
85 verbose installManyTop reading scoped package data from /Users/chenbei/Documents/cbStudy/react/react-text/node_modules/path/package.json
86 verbose installManyTop reading scoped package data from /Users/chenbei/Documents/cbStudy/react/react-text/node_modules/path-case/package.json
87 verbose installManyTop reading scoped package data from /Users/chenbei/Documents/cbStudy/react/react-text/node_modules/path-is-absolute/package.json
88 verbose installManyTop reading scoped package data from /Users/chenbei/Documents/cbStudy/react/react-text/node_modules/pretty-error/package.json
89 verbose installManyTop reading scoped package data from /Users/chenbei/Documents/cbStudy/react/react-text/node_modules/process-nextick-args/package.json
90 verbose installManyTop reading scoped package data from /Users/chenbei/Documents/cbStudy/react/react-text/node_modules/rc-animate/package.json
91 verbose installManyTop reading scoped package data from /Users/chenbei/Documents/cbStudy/react/react-text/node_modules/react/package.json
92 verbose installManyTop reading scoped package data from /Users/chenbei/Documents/cbStudy/react/react-text/node_modules/react-addons/package.json
93 verbose installManyTop reading scoped package data from /Users/chenbei/Documents/cbStudy/react/react-text/node_modules/react-addons-css-transition-group/package.json
94 verbose installManyTop reading scoped package data from /Users/chenbei/Documents/cbStudy/react/react-text/node_modules/react-component/package.json
95 verbose installManyTop reading scoped package data from /Users/chenbei/Documents/cbStudy/react/react-text/node_modules/react-dom/package.json
96 verbose installManyTop reading scoped package data from /Users/chenbei/Documents/cbStudy/react/react-text/node_modules/react-hot-loader/package.json
97 verbose installManyTop reading scoped package data from /Users/chenbei/Documents/cbStudy/react/react-text/node_modules/react-page-transitions/package.json
98 verbose installManyTop reading scoped package data from /Users/chenbei/Documents/cbStudy/react/react-text/node_modules/react-router/package.json
99 verbose installManyTop reading scoped package data from /Users/chenbei/Documents/cbStudy/react/react-text/node_modules/react-router-component/package.json
100 verbose installManyTop reading scoped package data from /Users/chenbei/Documents/cbStudy/react/react-text/node_modules/react-tap-event-plugin/package.json
101 verbose installManyTop reading scoped package data from /Users/chenbei/Documents/cbStudy/react/react-text/node_modules/readable-stream/package.json
102 verbose installManyTop reading scoped package data from /Users/chenbei/Documents/cbStudy/react/react-text/node_modules/relateurl/package.json
103 verbose installManyTop reading scoped package data from /Users/chenbei/Documents/cbStudy/react/react-text/node_modules/renderkid/package.json
104 verbose installManyTop reading scoped package data from /Users/chenbei/Documents/cbStudy/react/react-text/node_modules/repeat-string/package.json
105 verbose installManyTop reading scoped package data from /Users/chenbei/Documents/cbStudy/react/react-text/node_modules/right-align/package.json
106 verbose installManyTop reading scoped package data from /Users/chenbei/Documents/cbStudy/react/react-text/node_modules/sentence-case/package.json
107 verbose installManyTop reading scoped package data from /Users/chenbei/Documents/cbStudy/react/react-text/node_modules/snake-case/package.json
108 verbose installManyTop reading scoped package data from /Users/chenbei/Documents/cbStudy/react/react-text/node_modules/source-map/package.json
109 verbose installManyTop reading scoped package data from /Users/chenbei/Documents/cbStudy/react/react-text/node_modules/string_decoder/package.json
110 verbose installManyTop reading scoped package data from /Users/chenbei/Documents/cbStudy/react/react-text/node_modules/strip-ansi/package.json
111 verbose installManyTop reading scoped package data from /Users/chenbei/Documents/cbStudy/react/react-text/node_modules/style-loader/package.json
112 verbose installManyTop reading scoped package data from /Users/chenbei/Documents/cbStudy/react/react-text/node_modules/swap-case/package.json
113 verbose installManyTop reading scoped package data from /Users/chenbei/Documents/cbStudy/react/react-text/node_modules/through/package.json
114 verbose installManyTop reading scoped package data from /Users/chenbei/Documents/cbStudy/react/react-text/node_modules/title-case/package.json
115 verbose installManyTop reading scoped package data from /Users/chenbei/Documents/cbStudy/react/react-text/node_modules/touch/package.json
116 verbose installManyTop reading scoped package data from /Users/chenbei/Documents/cbStudy/react/react-text/node_modules/typedarray/package.json
117 verbose installManyTop reading scoped package data from /Users/chenbei/Documents/cbStudy/react/react-text/node_modules/uglify-js/package.json
118 verbose installManyTop reading scoped package data from /Users/chenbei/Documents/cbStudy/react/react-text/node_modules/uglify-to-browserify/package.json
119 verbose installManyTop reading scoped package data from /Users/chenbei/Documents/cbStudy/react/react-text/node_modules/upper-case/package.json
120 verbose installManyTop reading scoped package data from /Users/chenbei/Documents/cbStudy/react/react-text/node_modules/upper-case-first/package.json
121 verbose installManyTop reading scoped package data from /Users/chenbei/Documents/cbStudy/react/react-text/node_modules/url-loader/package.json
122 verbose installManyTop reading scoped package data from /Users/chenbei/Documents/cbStudy/react/react-text/node_modules/util-deprecate/package.json
123 verbose installManyTop reading scoped package data from /Users/chenbei/Documents/cbStudy/react/react-text/node_modules/utila/package.json
124 verbose installManyTop reading scoped package data from /Users/chenbei/Documents/cbStudy/react/react-text/node_modules/velocity-animate/package.json
125 verbose installManyTop reading scoped package data from /Users/chenbei/Documents/cbStudy/react/react-text/node_modules/velocity-react/package.json
126 verbose installManyTop reading scoped package data from /Users/chenbei/Documents/cbStudy/react/react-text/node_modules/velocitytransitiongroup/package.json
127 verbose installManyTop reading scoped package data from /Users/chenbei/Documents/cbStudy/react/react-text/node_modules/webpack/package.json
128 verbose installManyTop reading scoped package data from /Users/chenbei/Documents/cbStudy/react/react-text/node_modules/webpack-dev-middleware/package.json
129 verbose installManyTop reading scoped package data from /Users/chenbei/Documents/cbStudy/react/react-text/node_modules/webpack-dev-server/package.json
130 verbose installManyTop reading scoped package data from /Users/chenbei/Documents/cbStudy/react/react-text/node_modules/webpack-hot-middleware/package.json
131 verbose installManyTop reading scoped package data from /Users/chenbei/Documents/cbStudy/react/react-text/node_modules/window-size/package.json
132 verbose installManyTop reading scoped package data from /Users/chenbei/Documents/cbStudy/react/react-text/node_modules/wordwrap/package.json
133 verbose installManyTop reading scoped package data from /Users/chenbei/Documents/cbStudy/react/react-text/node_modules/wrappy/package.json
134 verbose installManyTop reading scoped package data from /Users/chenbei/Documents/cbStudy/react/react-text/node_modules/yargs/package.json
135 verbose installManyTop reading scoped package data from /Users/chenbei/Documents/cbStudy/react/react-text/node_modules/zepto/package.json
136 info package.json base62@0.1.1 No license field.
137 info package.json async@0.2.10 No license field.
138 info package.json css-what@2.1.0 license should be a valid SPDX license expression
139 info package.json css-select@1.2.0 license should be a valid SPDX license expression
140 info package.json domelementtype@1.3.0 No license field.
141 info package.json domhandler@2.1.0 No license field.
142 info package.json domutils@1.5.1 No license field.
143 info package.json entities@1.1.1 license should be a valid SPDX license expression
144 info package.json esprima-fb@13001.1001.0-dev-harmony-fb No license field.
145 info package.json exit@0.1.2 No license field.
146 info package.json htmlparser2@3.3.0 No license field.
147 info package.json jstransform@10.1.0 No license field.
148 info package.json longest@1.0.1 license should be a valid SPDX license expression
149 info package.json nth-check@1.0.1 license should be a valid SPDX license expression
150 info package.json relateurl@0.2.6 No license field.
151 info package.json repeat-string@1.5.2 license should be a valid SPDX license expression
152 info package.json source-map@0.1.31 No license field.
153 info package.json string_decoder@0.10.31 string_decoder is also the name of a node core module.
154 info package.json webpack-dev-middleware@1.4.0 No license field.
155 info package.json window-size@0.1.0 No license field.
156 info package.json wordwrap@0.0.2 license should be a valid SPDX license expression
157 info package.json zepto@1.0.1 No README data
158 info package.json zepto@1.0.1 No license field.
159 info package.json jsx-loader@0.12.2 license should be a valid SPDX license expression
160 info package.json rc-animate@2.0.3 No license field.
161 info package.json path@0.12.7 path is also the name of a node core module.
162 info package.json react-addons@0.9.0 No license field.
163 info package.json react-tap-event-plugin@0.2.1 No license field.
164 verbose readDependencies loading dependencies from /Users/chenbei/Documents/cbStudy/react/react-text/package.json
165 verbose targetResolver reading package data from /Users/chenbei/Documents/cbStudy/react/react-text/node_modules/align-text/package.json
166 verbose targetResolver reading package data from /Users/chenbei/Documents/cbStudy/react/react-text/node_modules/amdefine/package.json
167 verbose targetResolver reading package data from /Users/chenbei/Documents/cbStudy/react/react-text/node_modules/ansi-regex/package.json
168 verbose targetResolver reading package data from /Users/chenbei/Documents/cbStudy/react/react-text/node_modules/async/package.json
169 verbose targetResolver reading package data from /Users/chenbei/Documents/cbStudy/react/react-text/node_modules/balanced-match/package.json
170 verbose targetResolver reading package data from /Users/chenbei/Documents/cbStudy/react/react-text/node_modules/base62/package.json
171 verbose targetResolver reading package data from /Users/chenbei/Documents/cbStudy/react/react-text/node_modules/big.js/package.json
172 verbose targetResolver reading package data from /Users/chenbei/Documents/cbStudy/react/react-text/node_modules/bluebird/package.json
173 verbose targetResolver reading package data from /Users/chenbei/Documents/cbStudy/react/react-text/node_modules/boolbase/package.json
174 verbose targetResolver reading package data from /Users/chenbei/Documents/cbStudy/react/react-text/node_modules/brace-expansion/package.json
175 verbose targetResolver reading package data from /Users/chenbei/Documents/cbStudy/react/react-text/node_modules/camel-case/package.json
176 verbose targetResolver reading package data from /Users/chenbei/Documents/cbStudy/react/react-text/node_modules/camelcase/package.json
177 verbose targetResolver reading package data from /Users/chenbei/Documents/cbStudy/react/react-text/node_modules/center-align/package.json
178 verbose targetResolver reading package data from /Users/chenbei/Documents/cbStudy/react/react-text/node_modules/change-case/package.json
179 verbose targetResolver reading package data from /Users/chenbei/Documents/cbStudy/react/react-text/node_modules/clean-css/package.json
180 verbose targetResolver reading package data from /Users/chenbei/Documents/cbStudy/react/react-text/node_modules/cli/package.json
181 verbose targetResolver reading package data from /Users/chenbei/Documents/cbStudy/react/react-text/node_modules/cliui/package.json
182 verbose targetResolver reading package data from /Users/chenbei/Documents/cbStudy/react/react-text/node_modules/commander/package.json
183 verbose targetResolver reading package data from /Users/chenbei/Documents/cbStudy/react/react-text/node_modules/concat-map/package.json
184 verbose targetResolver reading package data from /Users/chenbei/Documents/cbStudy/react/react-text/node_modules/concat-stream/package.json
185 verbose targetResolver reading package data from /Users/chenbei/Documents/cbStudy/react/react-text/node_modules/constant-case/package.json
186 verbose targetResolver reading package data from /Users/chenbei/Documents/cbStudy/react/react-text/node_modules/core-util-is/package.json
187 verbose targetResolver reading package data from /Users/chenbei/Documents/cbStudy/react/react-text/node_modules/css-loader/package.json
188 verbose targetResolver reading package data from /Users/chenbei/Documents/cbStudy/react/react-text/node_modules/css-select/package.json
189 verbose targetResolver reading package data from /Users/chenbei/Documents/cbStudy/react/react-text/node_modules/css-what/package.json
190 verbose targetResolver reading package data from /Users/chenbei/Documents/cbStudy/react/react-text/node_modules/decamelize/package.json
191 verbose targetResolver reading package data from /Users/chenbei/Documents/cbStudy/react/react-text/node_modules/dom-converter/package.json
192 verbose targetResolver reading package data from /Users/chenbei/Documents/cbStudy/react/react-text/node_modules/dom-serializer/package.json
193 verbose targetResolver reading package data from /Users/chenbei/Documents/cbStudy/react/react-text/node_modules/domelementtype/package.json
194 verbose targetResolver reading package data from /Users/chenbei/Documents/cbStudy/react/react-text/node_modules/domhandler/package.json
195 verbose targetResolver reading package data from /Users/chenbei/Documents/cbStudy/react/react-text/node_modules/domutils/package.json
196 verbose targetResolver reading package data from /Users/chenbei/Documents/cbStudy/react/react-text/node_modules/dot-case/package.json
197 verbose targetResolver reading package data from /Users/chenbei/Documents/cbStudy/react/react-text/node_modules/entities/package.json
198 verbose targetResolver reading package data from /Users/chenbei/Documents/cbStudy/react/react-text/node_modules/envify/package.json
199 verbose targetResolver reading package data from /Users/chenbei/Documents/cbStudy/react/react-text/node_modules/escape-string-regexp/package.json
200 verbose targetResolver reading package data from /Users/chenbei/Documents/cbStudy/react/react-text/node_modules/esprima-fb/package.json
201 verbose targetResolver reading package data from /Users/chenbei/Documents/cbStudy/react/react-text/node_modules/exit/package.json
202 verbose targetResolver reading package data from /Users/chenbei/Documents/cbStudy/react/react-text/node_modules/express/package.json
203 verbose targetResolver reading package data from /Users/chenbei/Documents/cbStudy/react/react-text/node_modules/extract-text-webpack-plugin/package.json
204 verbose targetResolver reading package data from /Users/chenbei/Documents/cbStudy/react/react-text/node_modules/file-loader/package.json
205 verbose targetResolver reading package data from /Users/chenbei/Documents/cbStudy/react/react-text/node_modules/flux/package.json
206 verbose targetResolver reading package data from /Users/chenbei/Documents/cbStudy/react/react-text/node_modules/glob/package.json
207 verbose targetResolver reading package data from /Users/chenbei/Documents/cbStudy/react/react-text/node_modules/graceful-readlink/package.json
208 verbose targetResolver reading package data from /Users/chenbei/Documents/cbStudy/react/react-text/node_modules/history/package.json
209 verbose targetResolver reading package data from /Users/chenbei/Documents/cbStudy/react/react-text/node_modules/html-minifier/package.json
210 verbose targetResolver reading package data from /Users/chenbei/Documents/cbStudy/react/react-text/node_modules/html-webpack-plugin/package.json
211 verbose targetResolver reading package data from /Users/chenbei/Documents/cbStudy/react/react-text/node_modules/htmlparser2/package.json
212 verbose targetResolver reading package data from /Users/chenbei/Documents/cbStudy/react/react-text/node_modules/inflight/package.json
213 verbose targetResolver reading package data from /Users/chenbei/Documents/cbStudy/react/react-text/node_modules/inherits/package.json
214 verbose targetResolver reading package data from /Users/chenbei/Documents/cbStudy/react/react-text/node_modules/install/package.json
215 verbose targetResolver reading package data from /Users/chenbei/Documents/cbStudy/react/react-text/node_modules/is-buffer/package.json
216 verbose targetResolver reading package data from /Users/chenbei/Documents/cbStudy/react/react-text/node_modules/is-lower-case/package.json
217 verbose targetResolver reading package data from /Users/chenbei/Documents/cbStudy/react/react-text/node_modules/is-upper-case/package.json
218 verbose targetResolver reading package data from /Users/chenbei/Documents/cbStudy/react/react-text/node_modules/isarray/package.json
219 verbose targetResolver reading package data from /Users/chenbei/Documents/cbStudy/react/react-text/node_modules/jquery/package.json
220 verbose targetResolver reading package data from /Users/chenbei/Documents/cbStudy/react/react-text/node_modules/json5/package.json
221 verbose targetResolver reading package data from /Users/chenbei/Documents/cbStudy/react/react-text/node_modules/jstransform/package.json
222 verbose targetResolver reading package data from /Users/chenbei/Documents/cbStudy/react/react-text/node_modules/jsx-loader/package.json
223 verbose targetResolver reading package data from /Users/chenbei/Documents/cbStudy/react/react-text/node_modules/kind-of/package.json
224 verbose targetResolver reading package data from /Users/chenbei/Documents/cbStudy/react/react-text/node_modules/lazy-cache/package.json
225 verbose targetResolver reading package data from /Users/chenbei/Documents/cbStudy/react/react-text/node_modules/loader-utils/package.json
226 verbose targetResolver reading package data from /Users/chenbei/Documents/cbStudy/react/react-text/node_modules/lodash/package.json
227 verbose targetResolver reading package data from /Users/chenbei/Documents/cbStudy/react/react-text/node_modules/longest/package.json
228 verbose targetResolver reading package data from /Users/chenbei/Documents/cbStudy/react/react-text/node_modules/lower-case/package.json
229 verbose targetResolver reading package data from /Users/chenbei/Documents/cbStudy/react/react-text/node_modules/lower-case-first/package.json
230 verbose targetResolver reading package data from /Users/chenbei/Documents/cbStudy/react/react-text/node_modules/minimatch/package.json
231 verbose targetResolver reading package data from /Users/chenbei/Documents/cbStudy/react/react-text/node_modules/npm/package.json
232 verbose targetResolver reading package data from /Users/chenbei/Documents/cbStudy/react/react-text/node_modules/nth-check/package.json
233 verbose targetResolver reading package data from /Users/chenbei/Documents/cbStudy/react/react-text/node_modules/once/package.json
234 verbose targetResolver reading package data from /Users/chenbei/Documents/cbStudy/react/react-text/node_modules/param-case/package.json
235 verbose targetResolver reading package data from /Users/chenbei/Documents/cbStudy/react/react-text/node_modules/pascal-case/package.json
236 verbose targetResolver reading package data from /Users/chenbei/Documents/cbStudy/react/react-text/node_modules/path/package.json
237 verbose targetResolver reading package data from /Users/chenbei/Documents/cbStudy/react/react-text/node_modules/path-case/package.json
238 verbose targetResolver reading package data from /Users/chenbei/Documents/cbStudy/react/react-text/node_modules/path-is-absolute/package.json
239 verbose targetResolver reading package data from /Users/chenbei/Documents/cbStudy/react/react-text/node_modules/pretty-error/package.json
240 verbose targetResolver reading package data from /Users/chenbei/Documents/cbStudy/react/react-text/node_modules/process-nextick-args/package.json
241 verbose targetResolver reading package data from /Users/chenbei/Documents/cbStudy/react/react-text/node_modules/rc-animate/package.json
242 verbose targetResolver reading package data from /Users/chenbei/Documents/cbStudy/react/react-text/node_modules/react/package.json
243 verbose targetResolver reading package data from /Users/chenbei/Documents/cbStudy/react/react-text/node_modules/react-addons/package.json
244 verbose targetResolver reading package data from /Users/chenbei/Documents/cbStudy/react/react-text/node_modules/react-addons-css-transition-group/package.json
245 verbose targetResolver reading package data from /Users/chenbei/Documents/cbStudy/react/react-text/node_modules/react-component/package.json
246 verbose targetResolver reading package data from /Users/chenbei/Documents/cbStudy/react/react-text/node_modules/react-dom/package.json
247 verbose targetResolver reading package data from /Users/chenbei/Documents/cbStudy/react/react-text/node_modules/react-hot-loader/package.json
248 verbose targetResolver reading package data from /Users/chenbei/Documents/cbStudy/react/react-text/node_modules/react-page-transitions/package.json
249 verbose targetResolver reading package data from /Users/chenbei/Documents/cbStudy/react/react-text/node_modules/react-router/package.json
250 verbose targetResolver reading package data from /Users/chenbei/Documents/cbStudy/react/react-text/node_modules/react-router-component/package.json
251 verbose targetResolver reading package data from /Users/chenbei/Documents/cbStudy/react/react-text/node_modules/react-tap-event-plugin/package.json
252 verbose targetResolver reading package data from /Users/chenbei/Documents/cbStudy/react/react-text/node_modules/readable-stream/package.json
253 verbose targetResolver reading package data from /Users/chenbei/Documents/cbStudy/react/react-text/node_modules/relateurl/package.json
254 verbose targetResolver reading package data from /Users/chenbei/Documents/cbStudy/react/react-text/node_modules/renderkid/package.json
255 verbose targetResolver reading package data from /Users/chenbei/Documents/cbStudy/react/react-text/node_modules/repeat-string/package.json
256 verbose targetResolver reading package data from /Users/chenbei/Documents/cbStudy/react/react-text/node_modules/right-align/package.json
257 verbose targetResolver reading package data from /Users/chenbei/Documents/cbStudy/react/react-text/node_modules/sentence-case/package.json
258 verbose targetResolver reading package data from /Users/chenbei/Documents/cbStudy/react/react-text/node_modules/snake-case/package.json
259 verbose targetResolver reading package data from /Users/chenbei/Documents/cbStudy/react/react-text/node_modules/source-map/package.json
260 verbose targetResolver reading package data from /Users/chenbei/Documents/cbStudy/react/react-text/node_modules/string_decoder/package.json
261 verbose targetResolver reading package data from /Users/chenbei/Documents/cbStudy/react/react-text/node_modules/strip-ansi/package.json
262 verbose targetResolver reading package data from /Users/chenbei/Documents/cbStudy/react/react-text/node_modules/style-loader/package.json
263 verbose targetResolver reading package data from /Users/chenbei/Documents/cbStudy/react/react-text/node_modules/swap-case/package.json
264 verbose targetResolver reading package data from /Users/chenbei/Documents/cbStudy/react/react-text/node_modules/through/package.json
265 verbose targetResolver reading package data from /Users/chenbei/Documents/cbStudy/react/react-text/node_modules/title-case/package.json
266 verbose targetResolver reading package data from /Users/chenbei/Documents/cbStudy/react/react-text/node_modules/touch/package.json
267 verbose targetResolver reading package data from /Users/chenbei/Documents/cbStudy/react/react-text/node_modules/typedarray/package.json
268 verbose targetResolver reading package data from /Users/chenbei/Documents/cbStudy/react/react-text/node_modules/uglify-js/package.json
269 verbose targetResolver reading package data from /Users/chenbei/Documents/cbStudy/react/react-text/node_modules/uglify-to-browserify/package.json
270 verbose targetResolver reading package data from /Users/chenbei/Documents/cbStudy/react/react-text/node_modules/upper-case/package.json
271 verbose targetResolver reading package data from /Users/chenbei/Documents/cbStudy/react/react-text/node_modules/upper-case-first/package.json
272 verbose targetResolver reading package data from /Users/chenbei/Documents/cbStudy/react/react-text/node_modules/url-loader/package.json
273 verbose targetResolver reading package data from /Users/chenbei/Documents/cbStudy/react/react-text/node_modules/util-deprecate/package.json
274 verbose targetResolver reading package data from /Users/chenbei/Documents/cbStudy/react/react-text/node_modules/utila/package.json
275 verbose targetResolver reading package data from /Users/chenbei/Documents/cbStudy/react/react-text/node_modules/velocity-animate/package.json
276 verbose targetResolver reading package data from /Users/chenbei/Documents/cbStudy/react/react-text/node_modules/velocity-react/package.json
277 verbose targetResolver reading package data from /Users/chenbei/Documents/cbStudy/react/react-text/node_modules/velocitytransitiongroup/package.json
278 verbose targetResolver reading package data from /Users/chenbei/Documents/cbStudy/react/react-text/node_modules/webpack/package.json
279 verbose targetResolver reading package data from /Users/chenbei/Documents/cbStudy/react/react-text/node_modules/webpack-dev-middleware/package.json
280 verbose targetResolver reading package data from /Users/chenbei/Documents/cbStudy/react/react-text/node_modules/webpack-dev-server/package.json
281 verbose targetResolver reading package data from /Users/chenbei/Documents/cbStudy/react/react-text/node_modules/webpack-hot-middleware/package.json
282 verbose targetResolver reading package data from /Users/chenbei/Documents/cbStudy/react/react-text/node_modules/window-size/package.json
283 verbose targetResolver reading package data from /Users/chenbei/Documents/cbStudy/react/react-text/node_modules/wordwrap/package.json
284 verbose targetResolver reading package data from /Users/chenbei/Documents/cbStudy/react/react-text/node_modules/wrappy/package.json
285 verbose targetResolver reading package data from /Users/chenbei/Documents/cbStudy/react/react-text/node_modules/yargs/package.json
286 verbose targetResolver reading package data from /Users/chenbei/Documents/cbStudy/react/react-text/node_modules/zepto/package.json
287 verbose targetResolver reading package data from /Users/chenbei/Documents/cbStudy/react/react-text/node_modules/.bin/cleancss/package.json
288 verbose targetResolver reading package data from /Users/chenbei/Documents/cbStudy/react/react-text/node_modules/.bin/envify/package.json
289 verbose targetResolver reading package data from /Users/chenbei/Documents/cbStudy/react/react-text/node_modules/.bin/esparse/package.json
290 verbose targetResolver reading package data from /Users/chenbei/Documents/cbStudy/react/react-text/node_modules/.bin/esvalidate/package.json
291 verbose targetResolver reading package data from /Users/chenbei/Documents/cbStudy/react/react-text/node_modules/.bin/html-minifier/package.json
292 verbose targetResolver reading package data from /Users/chenbei/Documents/cbStudy/react/react-text/node_modules/.bin/json5/package.json
293 verbose targetResolver reading package data from /Users/chenbei/Documents/cbStudy/react/react-text/node_modules/.bin/npm/package.json
294 verbose targetResolver reading package data from /Users/chenbei/Documents/cbStudy/react/react-text/node_modules/.bin/touch/package.json
295 verbose targetResolver reading package data from /Users/chenbei/Documents/cbStudy/react/react-text/node_modules/.bin/uglifyjs/package.json
296 verbose targetResolver reading package data from /Users/chenbei/Documents/cbStudy/react/react-text/node_modules/.bin/webpack/package.json
297 verbose targetResolver reading package data from /Users/chenbei/Documents/cbStudy/react/react-text/node_modules/.bin/webpack-dev-server/package.json
298 verbose already installed skipping flux@^2.1.1 /Users/chenbei/Documents/cbStudy/react/react-text
299 verbose already installed skipping history@^1.12.4 /Users/chenbei/Documents/cbStudy/react/react-text
300 verbose already installed skipping html-webpack-plugin@^2.7.2 /Users/chenbei/Documents/cbStudy/react/react-text
301 verbose already installed skipping jsx-loader@* /Users/chenbei/Documents/cbStudy/react/react-text
302 verbose already installed skipping rc-animate@2.0.3 /Users/chenbei/Documents/cbStudy/react/react-text
303 verbose already installed skipping react@^0.14.0 /Users/chenbei/Documents/cbStudy/react/react-text
304 verbose already installed skipping react-addons@* /Users/chenbei/Documents/cbStudy/react/react-text
305 verbose already installed skipping react-addons-css-transition-group@^0.14.0 /Users/chenbei/Documents/cbStudy/react/react-text
306 verbose already installed skipping react-dom@^0.14.0 /Users/chenbei/Documents/cbStudy/react/react-text
307 silly cache add args [ 'react-with-addons@*', null ]
308 verbose cache add spec react-with-addons@*
309 silly cache add parsed spec Result {
309 silly cache add   raw: 'react-with-addons@*',
309 silly cache add   scope: null,
309 silly cache add   name: 'react-with-addons',
309 silly cache add   rawSpec: '*',
309 silly cache add   spec: '*',
309 silly cache add   type: 'range' }
310 silly addNamed react-with-addons@*
311 verbose addNamed "*" is a valid semver range for react-with-addons
312 silly addNameRange { name: 'react-with-addons', range: '*', hasData: false }
313 silly mapToRegistry name react-with-addons
314 silly mapToRegistry using default registry
315 silly mapToRegistry registry https://registry.npm.taobao.org/
316 silly mapToRegistry uri https://registry.npm.taobao.org/react-with-addons
317 verbose addNameRange registry:https://registry.npm.taobao.org/react-with-addons not in flight; fetching
318 verbose already installed skipping react-hot-loader@^1.3.0 /Users/chenbei/Documents/cbStudy/react/react-text
319 verbose already installed skipping react-router@^1.0.0-rc3 /Users/chenbei/Documents/cbStudy/react/react-text
320 verbose already installed skipping react-tap-event-plugin@0.2.1 /Users/chenbei/Documents/cbStudy/react/react-text
321 verbose already installed skipping style-loader@^0.12.4 /Users/chenbei/Documents/cbStudy/react/react-text
322 verbose already installed skipping url-loader@^0.5.6 /Users/chenbei/Documents/cbStudy/react/react-text
323 verbose already installed skipping webpack-dev-server@^1.12.0 /Users/chenbei/Documents/cbStudy/react/react-text
324 verbose already installed skipping zepto@* /Users/chenbei/Documents/cbStudy/react/react-text
325 verbose already installed skipping velocity-react@* /Users/chenbei/Documents/cbStudy/react/react-text
326 verbose already installed skipping velocitytransitiongroup@* /Users/chenbei/Documents/cbStudy/react/react-text
327 verbose already installed skipping express@^4.13.3 /Users/chenbei/Documents/cbStudy/react/react-text
328 verbose already installed skipping path@^0.12.7 /Users/chenbei/Documents/cbStudy/react/react-text
329 verbose already installed skipping webpack@^1.12.2 /Users/chenbei/Documents/cbStudy/react/react-text
330 verbose already installed skipping webpack-dev-middleware@^1.2.0 /Users/chenbei/Documents/cbStudy/react/react-text
331 verbose already installed skipping webpack-hot-middleware@^2.4.1 /Users/chenbei/Documents/cbStudy/react/react-text
332 verbose request uri https://registry.npm.taobao.org/react-with-addons
333 verbose request no auth needed
334 info attempt registry request try #1 at 16:52:26
335 verbose request id cf40da706358a03f
336 http request GET https://registry.npm.taobao.org/react-with-addons
337 verbose already installed skipping css-loader@^0.19.0 /Users/chenbei/Documents/cbStudy/react/react-text
338 verbose already installed skipping extract-text-webpack-plugin@^0.8.2 /Users/chenbei/Documents/cbStudy/react/react-text
339 verbose already installed skipping file-loader@^0.8.4 /Users/chenbei/Documents/cbStudy/react/react-text
340 http 404 https://registry.npm.taobao.org/react-with-addons
341 verbose headers { 'content-type': 'application/json',
341 verbose headers   'cache-control': 'max-age=0',
341 verbose headers   'content-length': '2',
341 verbose headers   'accept-ranges': 'bytes',
341 verbose headers   date: 'Thu, 28 Jan 2016 08:52:20 GMT',
341 verbose headers   via: '1.1 varnish',
341 verbose headers   age: '0',
341 verbose headers   connection: 'keep-alive',
341 verbose headers   'x-served-by': 'cache-lcy1132-LCY',
341 verbose headers   'x-cache': 'MISS',
341 verbose headers   'x-cache-hits': '0',
341 verbose headers   'x-timer': 'S1453971140.266825,VS0,VE161' }
342 silly get cb [ 404,
342 silly get   { 'content-type': 'application/json',
342 silly get     'cache-control': 'max-age=0',
342 silly get     'content-length': '2',
342 silly get     'accept-ranges': 'bytes',
342 silly get     date: 'Thu, 28 Jan 2016 08:52:20 GMT',
342 silly get     via: '1.1 varnish',
342 silly get     age: '0',
342 silly get     connection: 'keep-alive',
342 silly get     'x-served-by': 'cache-lcy1132-LCY',
342 silly get     'x-cache': 'MISS',
342 silly get     'x-cache-hits': '0',
342 silly get     'x-timer': 'S1453971140.266825,VS0,VE161' } ]
343 verbose stack Error: Registry returned 404 for GET on https://registry.npm.taobao.org/react-with-addons
343 verbose stack     at makeError (/usr/local/lib/node_modules/cnpm/node_modules/npm/node_modules/npm-registry-client/lib/request.js:264:12)
343 verbose stack     at CachingRegistryClient.<anonymous> (/usr/local/lib/node_modules/cnpm/node_modules/npm/node_modules/npm-registry-client/lib/request.js:242:14)
343 verbose stack     at Request._callback (/usr/local/lib/node_modules/cnpm/node_modules/npm/node_modules/npm-registry-client/lib/request.js:172:14)
343 verbose stack     at Request.self.callback (/usr/local/lib/node_modules/cnpm/node_modules/npm/node_modules/request/request.js:198:22)
343 verbose stack     at emitTwo (events.js:87:13)
343 verbose stack     at Request.emit (events.js:172:7)
343 verbose stack     at Request.<anonymous> (/usr/local/lib/node_modules/cnpm/node_modules/npm/node_modules/request/request.js:1035:10)
343 verbose stack     at emitOne (events.js:82:20)
343 verbose stack     at Request.emit (events.js:169:7)
343 verbose stack     at IncomingMessage.<anonymous> (/usr/local/lib/node_modules/cnpm/node_modules/npm/node_modules/request/request.js:962:12)
344 verbose statusCode 404
345 verbose pkgid react-with-addons
346 verbose cwd /Users/chenbei/Documents/cbStudy/react/react-text
347 error Darwin 15.2.0
348 error argv "/usr/local/bin/node" "/usr/local/lib/node_modules/cnpm/node_modules/.bin/npm" "--userconfig=/Users/chenbei/.cnpmrc" "--disturl=https://npm.taobao.org/mirrors/node" "--cache=/Users/chenbei/.cnpm" "--registry=https://registry.npm.taobao.org" "--node-gyp=/usr/local/lib/node_modules/cnpm/node_modules/node-gyp/bin/node-gyp.js" "install"
349 error node v4.2.3
350 error npm  v2.14.15
351 error code E404
352 error 404 Registry returned 404 for GET on https://registry.npm.taobao.org/react-with-addons
352 error 404
352 error 404 'react-with-addons' is not in the npm registry.
352 error 404 You should bug the author to publish it (or use the name yourself!)
352 error 404 It was specified as a dependency of 'test'
352 error 404
352 error 404 Note that you can also install from a
352 error 404 tarball, folder, http url, or git url.
353 verbose exit [ 1, true ]
